
PostRecipe
  #PostRecipe
    ã‚¿ã‚¤ãƒˆãƒ«ã€Idã€ææ–™ã€ãŒã‚ã‚‹ã¨ã
[31m      æœ‰åŠ¹ã§ã‚ã‚‹ (FAILED - 1)[0m
    åå‰ãŒãªã„ã¨ã
[32m      ç„¡åŠ¹ã§ã‚ã‚‹[0m

User
  #User
    åå‰ã€ãƒ¡ãƒ¼ãƒ«ã€ãƒ‘ã‚¹ãƒ¯ãƒ¼ãƒ‰ãŒã‚ã‚‹ã¨ã
[32m      æœ‰åŠ¹ã§ã‚ã‚‹[0m
    åå‰ãŒãªã„ã¨ã
[32m      ç„¡åŠ¹ã§ã‚ã‚‹[0m

Failures:

  1) PostRecipe#PostRecipe ã‚¿ã‚¤ãƒˆãƒ«ã€Idã€ææ–™ã€ãŒã‚ã‚‹ã¨ã æœ‰åŠ¹ã§ã‚ã‚‹
     [31mFailure/Error: [0m[32mexpect[0m(post_recipe).to be_valid[0m
     [31m  expected #<PostRecipe id: nil, user_id: 1, genre_id: nil, title: "title", image_id: nil, ingredient: "text", post_introduction: "text_area", date_day: nil, created_at: nil, updated_at: nil, cook_time: nil> to be valid, but got errors: èª¿ç†æ™‚é–“ã¯æ•°å€¤ã§å…¥åŠ›ã—ã¦ãã ã•ã„[0m
     [36m# ./spec/models/post_recipe_spec.rb:15:in `block (4 levels) in <top (required)>'[0m

Finished in 0.79361 seconds (files took 5.54 seconds to load)
[31m4 examples, 1 failure[0m

Failed examples:

[31mrspec ./spec/models/post_recipe_spec.rb:6[0m [36m# PostRecipe#PostRecipe ã‚¿ã‚¤ãƒˆãƒ«ã€Idã€ææ–™ã€ãŒã‚ã‚‹ã¨ã æœ‰åŠ¹ã§ã‚ã‚‹[0m

